<?xml version="1.0" encoding="UTF-8"?>
<testsuite xmlns:xsi="http://www.w3.org/2001/XMLSchema-instance" xsi:noNamespaceSchemaLocation="https://maven.apache.org/surefire/maven-surefire-plugin/xsd/surefire-test-report-3.0.xsd" version="3.0" name="dev.demo.openbank.paymentservice.integration.PaymentIntegrationTest" time="11.576" tests="1" errors="0" skipped="0" failures="0">
  <properties>
[...]
</properties>
  <testcase name="contextLoads" classname="dev.demo.openbank.paymentservice.integration.PaymentIntegrationTest" time="0.369">
    <system-out><![CDATA[18:47:11.734 [main] INFO org.testcontainers.images.PullPolicy -- Image pull policy will be performed by: DefaultPullPolicy()
18:47:11.736 [main] INFO org.testcontainers.utility.ImageNameSubstitutor -- Image name substitution will be performed by: DefaultImageNameSubstitutor (composite of 'ConfigurationFileImageNameSubstitutor' and 'PrefixingImageNameSubstitutor')
18:47:11.863 [main] INFO org.testcontainers.dockerclient.DockerClientProviderStrategy -- Loaded org.testcontainers.dockerclient.UnixSocketClientProviderStrategy from ~/.testcontainers.properties, will try it first
18:47:12.234 [main] INFO org.testcontainers.dockerclient.DockerClientProviderStrategy -- Found Docker environment with local Unix socket (unix:///var/run/docker.sock)
18:47:12.235 [main] INFO org.testcontainers.DockerClientFactory -- Docker host IP address is localhost
18:47:12.312 [main] INFO org.testcontainers.DockerClientFactory -- Connected to docker: 
  Server Version: 5.2.5
  API Version: 1.41
  Operating System: fedora
  Total Memory: 1948 MB
18:47:12.381 [main] INFO tc.testcontainers/ryuk:0.7.0 -- Creating container for image: testcontainers/ryuk:0.7.0
18:47:12.441 [main] INFO tc.testcontainers/ryuk:0.7.0 -- Container testcontainers/ryuk:0.7.0 is starting: 7076ae4d0f381c8aea9d11382f1a7ff4f6763eb39dd8b0ebedff98858ae4af78
18:47:12.862 [main] INFO tc.testcontainers/ryuk:0.7.0 -- Container testcontainers/ryuk:0.7.0 started in PT0.48169S
18:47:12.936 [main] INFO org.testcontainers.utility.RyukResourceReaper -- Ryuk started - will monitor and terminate Testcontainers containers on JVM exit
18:47:12.936 [main] INFO org.testcontainers.DockerClientFactory -- Checking the system...
18:47:12.936 [main] INFO org.testcontainers.DockerClientFactory -- ✔︎ Docker server version should be at least 1.6.0
18:47:12.953 [main] INFO tc.postgres:16 -- Creating container for image: postgres:16
18:47:12.982 [main] INFO tc.postgres:16 -- Container postgres:16 is starting: aa2f0cdef5a51091e2fdb88bc005753c3e73f0a4c1722686a763dd419c2b86e4
18:47:14.475 [main] INFO tc.postgres:16 -- Container postgres:16 started in PT1.521381S
18:47:14.476 [main] INFO tc.postgres:16 -- Container is started (JDBC URL: jdbc:postgresql://localhost:35781/test?loggerLevel=OFF)
18:47:14.487 [main] INFO tc.confluentinc/cp-kafka:7.6.1 -- Creating container for image: confluentinc/cp-kafka:7.6.1
18:47:14.512 [main] INFO tc.confluentinc/cp-kafka:7.6.1 -- Container confluentinc/cp-kafka:7.6.1 is starting: c4f3f346ed508ce41f2a374d206896485598dacc8a500990175070e6497b010b
18:47:19.317 [main] INFO tc.confluentinc/cp-kafka:7.6.1 -- Container confluentinc/cp-kafka:7.6.1 started in PT4.829832S

  .   ____          _            __ _ _
 /\\ / ___'_ __ _ _(_)_ __  __ _ \ \ \ \
( ( )\___ | '_ | '_| | '_ \/ _` | \ \ \ \
 \\/  ___)| |_)| | | | | || (_| |  ) ) ) )
  '  |____| .__|_| |_|_| |_\__, | / / / /
 =========|_|==============|___/=/_/_/_/

 :: Spring Boot ::                (v3.3.5)

2025-10-01T18:47:19.691+02:00  INFO 52578 --- [payment-service] [           main] [                                                 ] d.d.o.p.i.PaymentIntegrationTest         : Starting PaymentIntegrationTest using Java 21.0.4 with PID 52578 (started by emilio.sanchez in /Users/emilio.sanchez/Downloads/open-banking-demo-layered-pro-sec/payment-service)
2025-10-01T18:47:19.694+02:00  INFO 52578 --- [payment-service] [           main] [                                                 ] d.d.o.p.i.PaymentIntegrationTest         : No active profile set, falling back to 1 default profile: "default"
2025-10-01T18:47:20.304+02:00  INFO 52578 --- [payment-service] [           main] [                                                 ] .s.d.r.c.RepositoryConfigurationDelegate : Bootstrapping Spring Data JPA repositories in DEFAULT mode.
2025-10-01T18:47:20.330+02:00  INFO 52578 --- [payment-service] [           main] [                                                 ] .s.d.r.c.RepositoryConfigurationDelegate : Finished Spring Data repository scanning in 21 ms. Found 1 JPA repository interface.
2025-10-01T18:47:20.704+02:00  INFO 52578 --- [payment-service] [           main] [                                                 ] o.hibernate.jpa.internal.util.LogHelper  : HHH000204: Processing PersistenceUnitInfo [name: default]
2025-10-01T18:47:20.737+02:00  INFO 52578 --- [payment-service] [           main] [                                                 ] org.hibernate.Version                    : HHH000412: Hibernate ORM core version 6.5.3.Final
2025-10-01T18:47:20.754+02:00  INFO 52578 --- [payment-service] [           main] [                                                 ] o.h.c.internal.RegionFactoryInitiator    : HHH000026: Second-level cache disabled
2025-10-01T18:47:20.883+02:00  INFO 52578 --- [payment-service] [           main] [                                                 ] o.s.o.j.p.SpringPersistenceUnitInfo      : No LoadTimeWeaver setup: ignoring JPA class transformer
2025-10-01T18:47:20.896+02:00  INFO 52578 --- [payment-service] [           main] [                                                 ] com.zaxxer.hikari.HikariDataSource       : HikariPool-1 - Starting...
2025-10-01T18:47:21.015+02:00  INFO 52578 --- [payment-service] [           main] [                                                 ] com.zaxxer.hikari.pool.HikariPool        : HikariPool-1 - Added connection org.postgresql.jdbc.PgConnection@8ab231
2025-10-01T18:47:21.016+02:00  INFO 52578 --- [payment-service] [           main] [                                                 ] com.zaxxer.hikari.HikariDataSource       : HikariPool-1 - Start completed.
2025-10-01T18:47:21.461+02:00  INFO 52578 --- [payment-service] [           main] [                                                 ] o.h.e.t.j.p.i.JtaPlatformInitiator       : HHH000489: No JTA platform available (set 'hibernate.transaction.jta.platform' to enable JTA platform integration)
2025-10-01T18:47:21.489+02:00  WARN 52578 --- [payment-service] [           main] [                                                 ] o.h.engine.jdbc.spi.SqlExceptionHelper   : SQL Warning Code: 0, SQLState: 00000
2025-10-01T18:47:21.489+02:00  WARN 52578 --- [payment-service] [           main] [                                                 ] o.h.engine.jdbc.spi.SqlExceptionHelper   : constraint "ukjbxy6wfd0hgvkco5b2ru2l8p0" of relation "payment_order" does not exist, skipping
2025-10-01T18:47:21.491+02:00  INFO 52578 --- [payment-service] [           main] [                                                 ] j.LocalContainerEntityManagerFactoryBean : Initialized JPA EntityManagerFactory for persistence unit 'default'
2025-10-01T18:47:22.000+02:00  WARN 52578 --- [payment-service] [           main] [                                                 ] JpaBaseConfiguration$JpaWebConfiguration : spring.jpa.open-in-view is enabled by default. Therefore, database queries may be performed during view rendering. Explicitly configure spring.jpa.open-in-view to disable this warning
2025-10-01T18:47:22.270+02:00  INFO 52578 --- [payment-service] [           main] [                                                 ] o.s.b.a.e.web.EndpointLinksResolver      : Exposing 2 endpoints beneath base path '/actuator'
2025-10-01T18:47:22.724+02:00  INFO 52578 --- [payment-service] [           main] [                                                 ] d.d.o.p.i.PaymentIntegrationTest         : Started PaymentIntegrationTest in 3.355 seconds (process running for 11.43)
]]></system-out>
    <system-err><![CDATA[WARNING: A Java agent has been loaded dynamically (/Users/emilio.sanchez/.m2/repository/net/bytebuddy/byte-buddy-agent/1.14.19/byte-buddy-agent-1.14.19.jar)
WARNING: If a serviceability tool is in use, please run with -XX:+EnableDynamicAgentLoading to hide this warning
WARNING: If a serviceability tool is not in use, please run with -Djdk.instrument.traceUsage for more information
WARNING: Dynamic loading of agents will be disallowed by default in a future release
]]></system-err>
  </testcase>
</testsuite>